<?xml version="1.0" encoding="UTF-8"?>
<!-- Generated by org.testng.reporters.JUnitReportReporter -->
<testsuite hostname="TRANTOR6" name="com.functional.suite.LogInTest" tests="1" failures="0" timestamp="22 Apr 2015 11:59:55 GMT" time="31.937" errors="0">
  <testcase name="loginTest" time="31.937" classname="com.functional.suite.LogInTest"/>
</testsuite> <!-- com.functional.suite.LogInTest -->
